(node:23832) [DEP0180] DeprecationWarning: fs.Stats constructor is deprecated.
(Use `node --trace-deprecation ...` to show where the warning was created)

C:\Users\upris\Downloads\twenty-main\packages\twenty-server\src\modules\integration-notion\controllers\notion-webhook.controller.ts
   1:1  error  Imports "RawBodyRequest" are only used as type                            @typescript-eslint/consistent-type-imports
   2:3  error  Delete `в”¬ГЂв”¬ГЂ`                                                               prettier/prettier
   3:1  error  Replace `в”¬ГЂв”¬ГЂв”¬ГЂв”¬ГЂ` with `в”¬ГЂв”¬ГЂ`                                                  prettier/prettier
   4:1  error  Delete `в”¬ГЂв”¬ГЂ`                                                               prettier/prettier
   5:1  error  Delete `в”¬ГЂв”¬ГЂ`                                                               prettier/prettier
   6:3  error  Delete `в”¬ГЂв”¬ГЂ`                                                               prettier/prettier
   7:1  error  Delete `в”¬ГЂв”¬ГЂ`                                                               prettier/prettier
   8:3  error  Delete `в”¬ГЂв”¬ГЂ`                                                               prettier/prettier
   9:1  error  Delete `в”¬ГЂв”¬ГЂ`                                                               prettier/prettier
  14:1  error  All imports in the declaration are only used as types. Use `import type`  @typescript-eslint/consistent-type-imports

C:\Users\upris\Downloads\twenty-main\packages\twenty-server\src\modules\integration-notion\listeners\notion-push.listener.ts
   4:3  error  Delete `в”¬ГЂв”¬ГЂ`                                                               prettier/prettier
   5:1  error  Delete `в”¬ГЂв”¬ГЂ`                                                               prettier/prettier
   6:1  error  Delete `в”¬ГЂв”¬ГЂ`                                                               prettier/prettier
  11:1  error  All imports in the declaration are only used as types. Use `import type`  @typescript-eslint/consistent-type-imports

C:\Users\upris\Downloads\twenty-main\packages\twenty-server\src\modules\integration-notion\services\notion-sync.service.ts
  5:1  error  All imports in the declaration are only used as types. Use `import type`  @typescript-eslint/consistent-type-imports
  7:1  error  All imports in the declaration are only used as types. Use `import type`  @typescript-eslint/consistent-type-imports
  8:1  error  All imports in the declaration are only used as types. Use `import type`  @typescript-eslint/consistent-type-imports

C:\Users\upris\Downloads\twenty-main\packages\twenty-server\src\modules\task\task-sync-manager\drivers\google-tasks\google-tasks-sync.service.ts
  5:1  error  All imports in the declaration are only used as types. Use `import type`  @typescript-eslint/consistent-type-imports
  6:1  error  All imports in the declaration are only used as types. Use `import type`  @typescript-eslint/consistent-type-imports

Г”ВЈГ» 19 problems (19 errors, 0 warnings)
  19 errors and 0 warnings potentially fixable with the `--fix` option.

